<?xml version="1.0" encoding="UTF-8"?>
<!-- Generated by org.testng.reporters.JUnitXMLReporter -->
<testsuite hostname="DESKTOP-HJ8VKPG" ignored="0" name="Run on EDGE CHROMIUM" tests="2" failures="0" timestamp="25 Jul 2021 10:04:54 GMT" time="42.995" errors="0">
  <testcase name="Login_01_Register_To_System" time="10.379" classname="com.nopcommerce.login.Level_04_Register_Multiple_Browser"/>
  <testcase name="Login_02_Login_To_System" time="2.266" classname="com.nopcommerce.login.Level_04_Register_Multiple_Browser"/>
</testsuite> <!-- Run on EDGE CHROMIUM -->
