<?xml version="1.0" encoding="UTF-8"?>
<!-- Generated by org.testng.reporters.JUnitXMLReporter -->
<testsuite hostname="DESKTOP-HJ8VKPG" ignored="0" name="Run on FIREFOX" tests="2" failures="0" timestamp="01 Aug 2021 03:51:11 GMT" time="20.34" errors="0">
  <testcase name="Login_01_Register_To_System" time="6.653" classname="com.nopcommerce.login.Level_06_Register_Login_Page_Generator"/>
  <testcase name="Login_02_Login_To_System" time="2.48" classname="com.nopcommerce.login.Level_06_Register_Login_Page_Generator"/>
</testsuite> <!-- Run on FIREFOX -->
