<?xml version="1.0" encoding="UTF-8"?>
<!-- Generated by org.testng.reporters.JUnitXMLReporter -->
<testsuite hostname="DESKTOP-HJ8VKPG" ignored="0" name="Run on FIREFOX" tests="6" failures="0" timestamp="06 Mar 2021 04:27:50 GMT" time="46.015" errors="0">
  <testcase name="Login_01_Register_To_System" time="2.759" classname="com.bankguru.login.Level_02_Register_Login_Base_Page_1"/>
  <testcase name="Login_02_Login_To_System" time="2.647" classname="com.bankguru.login.Level_02_Register_Login_Base_Page_1"/>
  <testcase name="Login_01_Register_To_System" time="2.882" classname="com.bankguru.login.Level_02_Register_Login_Base_Page_2"/>
  <testcase name="Login_02_Login_To_System" time="3.269" classname="com.bankguru.login.Level_02_Register_Login_Base_Page_2"/>
  <testcase name="Login_01_Register_To_System" time="3.803" classname="com.bankguru.login.Level_02_Register_Login_Base_Page_3"/>
  <testcase name="Login_02_Login_To_System" time="3.156" classname="com.bankguru.login.Level_02_Register_Login_Base_Page_3"/>
</testsuite> <!-- Run on FIREFOX -->
