<?xml version="1.0" encoding="UTF-8"?>
<!-- Generated by org.testng.reporters.JUnitXMLReporter -->
<testsuite hostname="DESKTOP-HJ8VKPG" ignored="0" name="Default test" tests="2" failures="0" timestamp="12 Apr 2021 00:34:20 GMT" time="17.802" errors="0">
  <testcase name="Login_01_Empty_Email_Password" time="6.679" classname="com.liveguru.login.Level_03_Register_Login_Page_Object"/>
  <testcase name="Login_05_Incorrect_Password" time="6.357" classname="com.liveguru.login.Level_03_Register_Login_Page_Object"/>
</testsuite> <!-- Default test -->
