<?xml version="1.0" encoding="UTF-8"?>
<!-- Generated by org.testng.reporters.JUnitXMLReporter -->
<testsuite hostname="DESKTOP-HJ8VKPG" ignored="0" name="Run on CHROME" tests="6" failures="0" timestamp="25 Jul 2021 10:08:17 GMT" time="17.604" errors="0">
  <testcase name="Login_01_Empty_Email_Password" time="5.55" classname="com.liveguru.login.Level_04_Register_Multiple_Browser"/>
  <testcase name="Login_02_Invalid_Email" time="1.269" classname="com.liveguru.login.Level_04_Register_Multiple_Browser"/>
  <testcase name="Login_03_Invalid_Password" time="1.28" classname="com.liveguru.login.Level_04_Register_Multiple_Browser"/>
  <testcase name="Login_04_Incorrect_Email" time="2.63" classname="com.liveguru.login.Level_04_Register_Multiple_Browser"/>
  <testcase name="Login_05_Incorrect_Password" time="2.419" classname="com.liveguru.login.Level_04_Register_Multiple_Browser"/>
  <testcase name="Login_06_Valid_Email_Password" time="2.646" classname="com.liveguru.login.Level_04_Register_Multiple_Browser"/>
</testsuite> <!-- Run on CHROME -->
