<?xml version="1.0" encoding="UTF-8"?>
<!-- Generated by org.testng.reporters.JUnitXMLReporter -->
<testsuite hostname="DESKTOP-HJ8VKPG" ignored="0" name="Run on FIREFOX" tests="6" failures="0" timestamp="25 Jul 2021 10:07:59 GMT" time="39.43" errors="0">
  <testcase name="Login_01_Empty_Email_Password" time="5.997" classname="com.liveguru.login.Level_04_Register_Multiple_Browser"/>
  <testcase name="Login_02_Invalid_Email" time="5.064" classname="com.liveguru.login.Level_04_Register_Multiple_Browser"/>
  <testcase name="Login_03_Invalid_Password" time="4.632" classname="com.liveguru.login.Level_04_Register_Multiple_Browser"/>
  <testcase name="Login_04_Incorrect_Email" time="5.801" classname="com.liveguru.login.Level_04_Register_Multiple_Browser"/>
  <testcase name="Login_05_Incorrect_Password" time="6.009" classname="com.liveguru.login.Level_04_Register_Multiple_Browser"/>
  <testcase name="Login_06_Valid_Email_Password" time="5.954" classname="com.liveguru.login.Level_04_Register_Multiple_Browser"/>
</testsuite> <!-- Run on FIREFOX -->
