<?xml version="1.0" encoding="UTF-8"?>
<testng-results skipped="0" failed="0" ignored="0" total="1" passed="1">
  <reporter-output>
  </reporter-output>
  <suite name="Datatable" duration-ms="20984" started-at="2021-08-25T13:14:20Z" finished-at="2021-08-25T13:14:41Z">
    <groups>
    </groups>
    <test name="Run on FIREFOX" duration-ms="20984" started-at="2021-08-25T13:14:20Z" finished-at="2021-08-25T13:14:41Z">
      <class name="com.jquery.datatable.Level_09_DataTable">
        <test-method status="PASS" signature="beforeClass(java.lang.String, java.lang.String)[pri:0, instance:com.jquery.datatable.Level_09_DataTable@20e2cbe0]" name="beforeClass" is-config="true" duration-ms="14013" started-at="2021-08-25T13:14:20Z" finished-at="2021-08-25T13:14:34Z">
          <params>
            <param index="0">
              <value>
                <![CDATA[firefox]]>
              </value>
            </param>
            <param index="1">
              <value>
                <![CDATA[https://www.jqueryscript.net/demo/jQuery-Dynamic-Data-Grid-Plugin-appendGrid/]]>
              </value>
            </param>
          </params>
          <reporter-output>
          </reporter-output>
        </test-method> <!-- beforeClass -->
        <test-method status="PASS" signature="Table_06_Click_Icon_At_Row()[pri:0, instance:com.jquery.datatable.Level_09_DataTable@20e2cbe0]" name="Table_06_Click_Icon_At_Row" duration-ms="6933" started-at="2021-08-25T13:14:34Z" finished-at="2021-08-25T13:14:41Z">
          <reporter-output>
          </reporter-output>
        </test-method> <!-- Table_06_Click_Icon_At_Row -->
      </class> <!-- com.jquery.datatable.Level_09_DataTable -->
    </test> <!-- Run on FIREFOX -->
  </suite> <!-- Datatable -->
</testng-results>
